[2024-01-13T19:27:54.879+0000] {processor.py:161} INFO - Started process (PID=188368) to work on /home/admin/airflow/dags/youtube_comments_score.py
[2024-01-13T19:27:54.880+0000] {processor.py:830} INFO - Processing file /home/admin/airflow/dags/youtube_comments_score.py for tasks to queue
[2024-01-13T19:27:54.880+0000] {logging_mixin.py:188} INFO - [2024-01-13T19:27:54.880+0000] {dagbag.py:538} INFO - Filling up the DagBag from /home/admin/airflow/dags/youtube_comments_score.py
[2024-01-13T19:27:54.883+0000] {logging_mixin.py:188} INFO - [2024-01-13T19:27:54.882+0000] {dagbag.py:348} ERROR - Failed to import: /home/admin/airflow/dags/youtube_comments_score.py
Traceback (most recent call last):
  File "/home/admin/airflow/airflow_venv/lib/python3.10/site-packages/airflow/models/dagbag.py", line 344, in parse
    loader.exec_module(new_module)
  File "<frozen importlib._bootstrap_external>", line 879, in exec_module
  File "<frozen importlib._bootstrap_external>", line 1017, in get_code
  File "<frozen importlib._bootstrap_external>", line 947, in source_to_code
  File "<frozen importlib._bootstrap>", line 241, in _call_with_frames_removed
  File "/home/admin/airflow/dags/youtube_comments_score.py", line 14
    "start_date": dt.datetime(2024, 01, 1),
                                    ^
SyntaxError: leading zeros in decimal integer literals are not permitted; use an 0o prefix for octal integers
[2024-01-13T19:27:54.883+0000] {processor.py:842} WARNING - No viable dags retrieved from /home/admin/airflow/dags/youtube_comments_score.py
[2024-01-13T19:27:54.915+0000] {processor.py:183} INFO - Processing /home/admin/airflow/dags/youtube_comments_score.py took 0.040 seconds
[2024-01-13T19:28:25.066+0000] {processor.py:161} INFO - Started process (PID=188466) to work on /home/admin/airflow/dags/youtube_comments_score.py
[2024-01-13T19:28:25.067+0000] {processor.py:830} INFO - Processing file /home/admin/airflow/dags/youtube_comments_score.py for tasks to queue
[2024-01-13T19:28:25.067+0000] {logging_mixin.py:188} INFO - [2024-01-13T19:28:25.067+0000] {dagbag.py:538} INFO - Filling up the DagBag from /home/admin/airflow/dags/youtube_comments_score.py
[2024-01-13T19:28:25.070+0000] {logging_mixin.py:188} INFO - [2024-01-13T19:28:25.069+0000] {dagbag.py:348} ERROR - Failed to import: /home/admin/airflow/dags/youtube_comments_score.py
Traceback (most recent call last):
  File "/home/admin/airflow/airflow_venv/lib/python3.10/site-packages/airflow/models/dagbag.py", line 344, in parse
    loader.exec_module(new_module)
  File "<frozen importlib._bootstrap_external>", line 879, in exec_module
  File "<frozen importlib._bootstrap_external>", line 1017, in get_code
  File "<frozen importlib._bootstrap_external>", line 947, in source_to_code
  File "<frozen importlib._bootstrap>", line 241, in _call_with_frames_removed
  File "/home/admin/airflow/dags/youtube_comments_score.py", line 14
    "start_date": dt.datetime(2024, 01, 1),
                                    ^
SyntaxError: leading zeros in decimal integer literals are not permitted; use an 0o prefix for octal integers
[2024-01-13T19:28:25.070+0000] {processor.py:842} WARNING - No viable dags retrieved from /home/admin/airflow/dags/youtube_comments_score.py
[2024-01-13T19:28:25.145+0000] {processor.py:183} INFO - Processing /home/admin/airflow/dags/youtube_comments_score.py took 0.082 seconds
[2024-01-13T19:28:55.359+0000] {processor.py:161} INFO - Started process (PID=188567) to work on /home/admin/airflow/dags/youtube_comments_score.py
[2024-01-13T19:28:55.366+0000] {processor.py:830} INFO - Processing file /home/admin/airflow/dags/youtube_comments_score.py for tasks to queue
[2024-01-13T19:28:55.366+0000] {logging_mixin.py:188} INFO - [2024-01-13T19:28:55.366+0000] {dagbag.py:538} INFO - Filling up the DagBag from /home/admin/airflow/dags/youtube_comments_score.py
[2024-01-13T19:28:55.369+0000] {logging_mixin.py:188} INFO - [2024-01-13T19:28:55.368+0000] {dagbag.py:348} ERROR - Failed to import: /home/admin/airflow/dags/youtube_comments_score.py
Traceback (most recent call last):
  File "/home/admin/airflow/airflow_venv/lib/python3.10/site-packages/airflow/models/dagbag.py", line 344, in parse
    loader.exec_module(new_module)
  File "<frozen importlib._bootstrap_external>", line 879, in exec_module
  File "<frozen importlib._bootstrap_external>", line 1017, in get_code
  File "<frozen importlib._bootstrap_external>", line 947, in source_to_code
  File "<frozen importlib._bootstrap>", line 241, in _call_with_frames_removed
  File "/home/admin/airflow/dags/youtube_comments_score.py", line 14
    "start_date": dt.datetime(2024, 01, 1),
                                    ^
SyntaxError: leading zeros in decimal integer literals are not permitted; use an 0o prefix for octal integers
[2024-01-13T19:28:55.369+0000] {processor.py:842} WARNING - No viable dags retrieved from /home/admin/airflow/dags/youtube_comments_score.py
[2024-01-13T19:28:55.447+0000] {processor.py:183} INFO - Processing /home/admin/airflow/dags/youtube_comments_score.py took 0.092 seconds
[2024-01-13T19:29:25.486+0000] {processor.py:161} INFO - Started process (PID=188667) to work on /home/admin/airflow/dags/youtube_comments_score.py
[2024-01-13T19:29:25.487+0000] {processor.py:830} INFO - Processing file /home/admin/airflow/dags/youtube_comments_score.py for tasks to queue
[2024-01-13T19:29:25.487+0000] {logging_mixin.py:188} INFO - [2024-01-13T19:29:25.487+0000] {dagbag.py:538} INFO - Filling up the DagBag from /home/admin/airflow/dags/youtube_comments_score.py
[2024-01-13T19:29:25.490+0000] {logging_mixin.py:188} INFO - [2024-01-13T19:29:25.489+0000] {dagbag.py:348} ERROR - Failed to import: /home/admin/airflow/dags/youtube_comments_score.py
Traceback (most recent call last):
  File "/home/admin/airflow/airflow_venv/lib/python3.10/site-packages/airflow/models/dagbag.py", line 344, in parse
    loader.exec_module(new_module)
  File "<frozen importlib._bootstrap_external>", line 879, in exec_module
  File "<frozen importlib._bootstrap_external>", line 1017, in get_code
  File "<frozen importlib._bootstrap_external>", line 947, in source_to_code
  File "<frozen importlib._bootstrap>", line 241, in _call_with_frames_removed
  File "/home/admin/airflow/dags/youtube_comments_score.py", line 14
    "start_date": dt.datetime(2024, 01, 1),
                                    ^
SyntaxError: leading zeros in decimal integer literals are not permitted; use an 0o prefix for octal integers
[2024-01-13T19:29:25.490+0000] {processor.py:842} WARNING - No viable dags retrieved from /home/admin/airflow/dags/youtube_comments_score.py
[2024-01-13T19:29:25.521+0000] {processor.py:183} INFO - Processing /home/admin/airflow/dags/youtube_comments_score.py took 0.039 seconds
[2024-01-13T19:29:55.903+0000] {processor.py:161} INFO - Started process (PID=188768) to work on /home/admin/airflow/dags/youtube_comments_score.py
[2024-01-13T19:29:55.904+0000] {processor.py:830} INFO - Processing file /home/admin/airflow/dags/youtube_comments_score.py for tasks to queue
[2024-01-13T19:29:55.908+0000] {logging_mixin.py:188} INFO - [2024-01-13T19:29:55.904+0000] {dagbag.py:538} INFO - Filling up the DagBag from /home/admin/airflow/dags/youtube_comments_score.py
[2024-01-13T19:29:55.911+0000] {logging_mixin.py:188} INFO - [2024-01-13T19:29:55.910+0000] {dagbag.py:348} ERROR - Failed to import: /home/admin/airflow/dags/youtube_comments_score.py
Traceback (most recent call last):
  File "/home/admin/airflow/airflow_venv/lib/python3.10/site-packages/airflow/models/dagbag.py", line 344, in parse
    loader.exec_module(new_module)
  File "<frozen importlib._bootstrap_external>", line 879, in exec_module
  File "<frozen importlib._bootstrap_external>", line 1017, in get_code
  File "<frozen importlib._bootstrap_external>", line 947, in source_to_code
  File "<frozen importlib._bootstrap>", line 241, in _call_with_frames_removed
  File "/home/admin/airflow/dags/youtube_comments_score.py", line 14
    "start_date": dt.datetime(2024, 01, 1),
                                    ^
SyntaxError: leading zeros in decimal integer literals are not permitted; use an 0o prefix for octal integers
[2024-01-13T19:29:55.911+0000] {processor.py:842} WARNING - No viable dags retrieved from /home/admin/airflow/dags/youtube_comments_score.py
[2024-01-13T19:29:55.976+0000] {processor.py:183} INFO - Processing /home/admin/airflow/dags/youtube_comments_score.py took 0.080 seconds
[2024-01-13T19:30:41.960+0000] {processor.py:161} INFO - Started process (PID=188913) to work on /home/admin/airflow/dags/youtube_comments_score.py
[2024-01-13T19:30:41.971+0000] {processor.py:830} INFO - Processing file /home/admin/airflow/dags/youtube_comments_score.py for tasks to queue
[2024-01-13T19:30:41.972+0000] {logging_mixin.py:188} INFO - [2024-01-13T19:30:41.972+0000] {dagbag.py:538} INFO - Filling up the DagBag from /home/admin/airflow/dags/youtube_comments_score.py
[2024-01-13T19:30:41.974+0000] {logging_mixin.py:188} INFO - [2024-01-13T19:30:41.974+0000] {dagbag.py:348} ERROR - Failed to import: /home/admin/airflow/dags/youtube_comments_score.py
Traceback (most recent call last):
  File "/home/admin/airflow/airflow_venv/lib/python3.10/site-packages/airflow/models/dagbag.py", line 344, in parse
    loader.exec_module(new_module)
  File "<frozen importlib._bootstrap_external>", line 879, in exec_module
  File "<frozen importlib._bootstrap_external>", line 1017, in get_code
  File "<frozen importlib._bootstrap_external>", line 947, in source_to_code
  File "<frozen importlib._bootstrap>", line 241, in _call_with_frames_removed
  File "/home/admin/airflow/dags/youtube_comments_score.py", line 14
    "start_date": dt.datetime(2024, 01, 1),
                                    ^
SyntaxError: leading zeros in decimal integer literals are not permitted; use an 0o prefix for octal integers
[2024-01-13T19:30:41.975+0000] {processor.py:842} WARNING - No viable dags retrieved from /home/admin/airflow/dags/youtube_comments_score.py
[2024-01-13T19:30:42.038+0000] {processor.py:183} INFO - Processing /home/admin/airflow/dags/youtube_comments_score.py took 0.082 seconds
[2024-01-13T19:31:12.102+0000] {processor.py:161} INFO - Started process (PID=188917) to work on /home/admin/airflow/dags/youtube_comments_score.py
[2024-01-13T19:31:12.103+0000] {processor.py:830} INFO - Processing file /home/admin/airflow/dags/youtube_comments_score.py for tasks to queue
[2024-01-13T19:31:12.104+0000] {logging_mixin.py:188} INFO - [2024-01-13T19:31:12.103+0000] {dagbag.py:538} INFO - Filling up the DagBag from /home/admin/airflow/dags/youtube_comments_score.py
[2024-01-13T19:31:12.106+0000] {logging_mixin.py:188} INFO - [2024-01-13T19:31:12.106+0000] {dagbag.py:348} ERROR - Failed to import: /home/admin/airflow/dags/youtube_comments_score.py
Traceback (most recent call last):
  File "/home/admin/airflow/airflow_venv/lib/python3.10/site-packages/airflow/models/dagbag.py", line 344, in parse
    loader.exec_module(new_module)
  File "<frozen importlib._bootstrap_external>", line 879, in exec_module
  File "<frozen importlib._bootstrap_external>", line 1017, in get_code
  File "<frozen importlib._bootstrap_external>", line 947, in source_to_code
  File "<frozen importlib._bootstrap>", line 241, in _call_with_frames_removed
  File "/home/admin/airflow/dags/youtube_comments_score.py", line 14
    "start_date": dt.datetime(2024, 01, 1),
                                    ^
SyntaxError: leading zeros in decimal integer literals are not permitted; use an 0o prefix for octal integers
[2024-01-13T19:31:12.107+0000] {processor.py:842} WARNING - No viable dags retrieved from /home/admin/airflow/dags/youtube_comments_score.py
[2024-01-13T19:31:12.138+0000] {processor.py:183} INFO - Processing /home/admin/airflow/dags/youtube_comments_score.py took 0.039 seconds
[2024-01-13T19:31:42.241+0000] {processor.py:161} INFO - Started process (PID=188922) to work on /home/admin/airflow/dags/youtube_comments_score.py
[2024-01-13T19:31:42.242+0000] {processor.py:830} INFO - Processing file /home/admin/airflow/dags/youtube_comments_score.py for tasks to queue
[2024-01-13T19:31:42.243+0000] {logging_mixin.py:188} INFO - [2024-01-13T19:31:42.243+0000] {dagbag.py:538} INFO - Filling up the DagBag from /home/admin/airflow/dags/youtube_comments_score.py
[2024-01-13T19:31:42.247+0000] {logging_mixin.py:188} INFO - [2024-01-13T19:31:42.246+0000] {dagbag.py:348} ERROR - Failed to import: /home/admin/airflow/dags/youtube_comments_score.py
Traceback (most recent call last):
  File "/home/admin/airflow/airflow_venv/lib/python3.10/site-packages/airflow/models/dagbag.py", line 344, in parse
    loader.exec_module(new_module)
  File "<frozen importlib._bootstrap_external>", line 879, in exec_module
  File "<frozen importlib._bootstrap_external>", line 1017, in get_code
  File "<frozen importlib._bootstrap_external>", line 947, in source_to_code
  File "<frozen importlib._bootstrap>", line 241, in _call_with_frames_removed
  File "/home/admin/airflow/dags/youtube_comments_score.py", line 14
    "start_date": dt.datetime(2024, 01, 1),
                                    ^
SyntaxError: leading zeros in decimal integer literals are not permitted; use an 0o prefix for octal integers
[2024-01-13T19:31:42.247+0000] {processor.py:842} WARNING - No viable dags retrieved from /home/admin/airflow/dags/youtube_comments_score.py
[2024-01-13T19:31:42.292+0000] {processor.py:183} INFO - Processing /home/admin/airflow/dags/youtube_comments_score.py took 0.055 seconds
[2024-01-13T19:32:12.392+0000] {processor.py:161} INFO - Started process (PID=188926) to work on /home/admin/airflow/dags/youtube_comments_score.py
[2024-01-13T19:32:12.395+0000] {processor.py:830} INFO - Processing file /home/admin/airflow/dags/youtube_comments_score.py for tasks to queue
[2024-01-13T19:32:12.396+0000] {logging_mixin.py:188} INFO - [2024-01-13T19:32:12.395+0000] {dagbag.py:538} INFO - Filling up the DagBag from /home/admin/airflow/dags/youtube_comments_score.py
[2024-01-13T19:32:12.398+0000] {logging_mixin.py:188} INFO - [2024-01-13T19:32:12.398+0000] {dagbag.py:348} ERROR - Failed to import: /home/admin/airflow/dags/youtube_comments_score.py
Traceback (most recent call last):
  File "/home/admin/airflow/airflow_venv/lib/python3.10/site-packages/airflow/models/dagbag.py", line 344, in parse
    loader.exec_module(new_module)
  File "<frozen importlib._bootstrap_external>", line 879, in exec_module
  File "<frozen importlib._bootstrap_external>", line 1017, in get_code
  File "<frozen importlib._bootstrap_external>", line 947, in source_to_code
  File "<frozen importlib._bootstrap>", line 241, in _call_with_frames_removed
  File "/home/admin/airflow/dags/youtube_comments_score.py", line 14
    "start_date": dt.datetime(2024, 01, 1),
                                    ^
SyntaxError: leading zeros in decimal integer literals are not permitted; use an 0o prefix for octal integers
[2024-01-13T19:32:12.399+0000] {processor.py:842} WARNING - No viable dags retrieved from /home/admin/airflow/dags/youtube_comments_score.py
[2024-01-13T19:32:12.429+0000] {processor.py:183} INFO - Processing /home/admin/airflow/dags/youtube_comments_score.py took 0.040 seconds
[2024-01-13T19:32:42.513+0000] {processor.py:161} INFO - Started process (PID=188929) to work on /home/admin/airflow/dags/youtube_comments_score.py
[2024-01-13T19:32:42.517+0000] {processor.py:830} INFO - Processing file /home/admin/airflow/dags/youtube_comments_score.py for tasks to queue
[2024-01-13T19:32:42.518+0000] {logging_mixin.py:188} INFO - [2024-01-13T19:32:42.518+0000] {dagbag.py:538} INFO - Filling up the DagBag from /home/admin/airflow/dags/youtube_comments_score.py
[2024-01-13T19:32:42.521+0000] {logging_mixin.py:188} INFO - [2024-01-13T19:32:42.520+0000] {dagbag.py:348} ERROR - Failed to import: /home/admin/airflow/dags/youtube_comments_score.py
Traceback (most recent call last):
  File "/home/admin/airflow/airflow_venv/lib/python3.10/site-packages/airflow/models/dagbag.py", line 344, in parse
    loader.exec_module(new_module)
  File "<frozen importlib._bootstrap_external>", line 879, in exec_module
  File "<frozen importlib._bootstrap_external>", line 1017, in get_code
  File "<frozen importlib._bootstrap_external>", line 947, in source_to_code
  File "<frozen importlib._bootstrap>", line 241, in _call_with_frames_removed
  File "/home/admin/airflow/dags/youtube_comments_score.py", line 14
    "start_date": dt.datetime(2024, 01, 1),
                                    ^
SyntaxError: leading zeros in decimal integer literals are not permitted; use an 0o prefix for octal integers
[2024-01-13T19:32:42.521+0000] {processor.py:842} WARNING - No viable dags retrieved from /home/admin/airflow/dags/youtube_comments_score.py
[2024-01-13T19:32:42.552+0000] {processor.py:183} INFO - Processing /home/admin/airflow/dags/youtube_comments_score.py took 0.042 seconds
[2024-01-13T19:33:12.635+0000] {processor.py:161} INFO - Started process (PID=188933) to work on /home/admin/airflow/dags/youtube_comments_score.py
[2024-01-13T19:33:12.639+0000] {processor.py:830} INFO - Processing file /home/admin/airflow/dags/youtube_comments_score.py for tasks to queue
[2024-01-13T19:33:12.640+0000] {logging_mixin.py:188} INFO - [2024-01-13T19:33:12.640+0000] {dagbag.py:538} INFO - Filling up the DagBag from /home/admin/airflow/dags/youtube_comments_score.py
[2024-01-13T19:33:12.643+0000] {logging_mixin.py:188} INFO - [2024-01-13T19:33:12.642+0000] {dagbag.py:348} ERROR - Failed to import: /home/admin/airflow/dags/youtube_comments_score.py
Traceback (most recent call last):
  File "/home/admin/airflow/airflow_venv/lib/python3.10/site-packages/airflow/models/dagbag.py", line 344, in parse
    loader.exec_module(new_module)
  File "<frozen importlib._bootstrap_external>", line 879, in exec_module
  File "<frozen importlib._bootstrap_external>", line 1017, in get_code
  File "<frozen importlib._bootstrap_external>", line 947, in source_to_code
  File "<frozen importlib._bootstrap>", line 241, in _call_with_frames_removed
  File "/home/admin/airflow/dags/youtube_comments_score.py", line 14
    "start_date": dt.datetime(2024, 01, 1),
                                    ^
SyntaxError: leading zeros in decimal integer literals are not permitted; use an 0o prefix for octal integers
[2024-01-13T19:33:12.643+0000] {processor.py:842} WARNING - No viable dags retrieved from /home/admin/airflow/dags/youtube_comments_score.py
[2024-01-13T19:33:12.673+0000] {processor.py:183} INFO - Processing /home/admin/airflow/dags/youtube_comments_score.py took 0.042 seconds
[2024-01-13T19:33:42.760+0000] {processor.py:161} INFO - Started process (PID=188936) to work on /home/admin/airflow/dags/youtube_comments_score.py
[2024-01-13T19:33:42.764+0000] {processor.py:830} INFO - Processing file /home/admin/airflow/dags/youtube_comments_score.py for tasks to queue
[2024-01-13T19:33:42.765+0000] {logging_mixin.py:188} INFO - [2024-01-13T19:33:42.765+0000] {dagbag.py:538} INFO - Filling up the DagBag from /home/admin/airflow/dags/youtube_comments_score.py
[2024-01-13T19:33:42.767+0000] {logging_mixin.py:188} INFO - [2024-01-13T19:33:42.767+0000] {dagbag.py:348} ERROR - Failed to import: /home/admin/airflow/dags/youtube_comments_score.py
Traceback (most recent call last):
  File "/home/admin/airflow/airflow_venv/lib/python3.10/site-packages/airflow/models/dagbag.py", line 344, in parse
    loader.exec_module(new_module)
  File "<frozen importlib._bootstrap_external>", line 879, in exec_module
  File "<frozen importlib._bootstrap_external>", line 1017, in get_code
  File "<frozen importlib._bootstrap_external>", line 947, in source_to_code
  File "<frozen importlib._bootstrap>", line 241, in _call_with_frames_removed
  File "/home/admin/airflow/dags/youtube_comments_score.py", line 14
    "start_date": dt.datetime(2024, 01, 1),
                                    ^
SyntaxError: leading zeros in decimal integer literals are not permitted; use an 0o prefix for octal integers
[2024-01-13T19:33:42.768+0000] {processor.py:842} WARNING - No viable dags retrieved from /home/admin/airflow/dags/youtube_comments_score.py
[2024-01-13T19:33:42.799+0000] {processor.py:183} INFO - Processing /home/admin/airflow/dags/youtube_comments_score.py took 0.042 seconds
[2024-01-13T19:33:53.814+0000] {processor.py:161} INFO - Started process (PID=188939) to work on /home/admin/airflow/dags/youtube_comments_score.py
[2024-01-13T19:33:53.815+0000] {processor.py:830} INFO - Processing file /home/admin/airflow/dags/youtube_comments_score.py for tasks to queue
[2024-01-13T19:33:53.815+0000] {logging_mixin.py:188} INFO - [2024-01-13T19:33:53.815+0000] {dagbag.py:538} INFO - Filling up the DagBag from /home/admin/airflow/dags/youtube_comments_score.py
[2024-01-13T19:33:53.825+0000] {processor.py:840} INFO - DAG(s) 'youtube_likes_score' retrieved from /home/admin/airflow/dags/youtube_comments_score.py
[2024-01-13T19:33:53.942+0000] {logging_mixin.py:188} INFO - [2024-01-13T19:33:53.941+0000] {override.py:1769} INFO - Created Permission View: can read on DAG:youtube_likes_score
[2024-01-13T19:33:53.953+0000] {logging_mixin.py:188} INFO - [2024-01-13T19:33:53.952+0000] {override.py:1769} INFO - Created Permission View: can edit on DAG:youtube_likes_score
[2024-01-13T19:33:53.961+0000] {logging_mixin.py:188} INFO - [2024-01-13T19:33:53.960+0000] {override.py:1769} INFO - Created Permission View: can delete on DAG:youtube_likes_score
[2024-01-13T19:33:53.961+0000] {logging_mixin.py:188} INFO - [2024-01-13T19:33:53.961+0000] {dag.py:3033} INFO - Sync 1 DAGs
[2024-01-13T19:33:53.970+0000] {logging_mixin.py:188} INFO - [2024-01-13T19:33:53.970+0000] {dag.py:3055} INFO - Creating ORM DAG for youtube_likes_score
[2024-01-13T19:33:53.970+0000] {logging_mixin.py:188} INFO - [2024-01-13T19:33:53.970+0000] {dag.py:3820} INFO - Setting next_dagrun for youtube_likes_score to None, run_after=None
[2024-01-13T19:33:53.989+0000] {processor.py:183} INFO - Processing /home/admin/airflow/dags/youtube_comments_score.py took 0.179 seconds
[2024-01-13T19:34:24.088+0000] {processor.py:161} INFO - Started process (PID=188942) to work on /home/admin/airflow/dags/youtube_comments_score.py
[2024-01-13T19:34:24.089+0000] {processor.py:830} INFO - Processing file /home/admin/airflow/dags/youtube_comments_score.py for tasks to queue
[2024-01-13T19:34:24.090+0000] {logging_mixin.py:188} INFO - [2024-01-13T19:34:24.089+0000] {dagbag.py:538} INFO - Filling up the DagBag from /home/admin/airflow/dags/youtube_comments_score.py
[2024-01-13T19:34:24.099+0000] {processor.py:840} INFO - DAG(s) 'youtube_likes_score' retrieved from /home/admin/airflow/dags/youtube_comments_score.py
[2024-01-13T19:34:24.135+0000] {logging_mixin.py:188} INFO - [2024-01-13T19:34:24.135+0000] {dag.py:3033} INFO - Sync 1 DAGs
[2024-01-13T19:34:24.146+0000] {logging_mixin.py:188} INFO - [2024-01-13T19:34:24.145+0000] {dag.py:3820} INFO - Setting next_dagrun for youtube_likes_score to None, run_after=None
[2024-01-13T19:34:24.161+0000] {processor.py:183} INFO - Processing /home/admin/airflow/dags/youtube_comments_score.py took 0.076 seconds
[2024-01-13T19:34:54.204+0000] {processor.py:161} INFO - Started process (PID=188946) to work on /home/admin/airflow/dags/youtube_comments_score.py
[2024-01-13T19:34:54.205+0000] {processor.py:830} INFO - Processing file /home/admin/airflow/dags/youtube_comments_score.py for tasks to queue
[2024-01-13T19:34:54.206+0000] {logging_mixin.py:188} INFO - [2024-01-13T19:34:54.206+0000] {dagbag.py:538} INFO - Filling up the DagBag from /home/admin/airflow/dags/youtube_comments_score.py
[2024-01-13T19:34:54.215+0000] {processor.py:840} INFO - DAG(s) 'youtube_likes_score' retrieved from /home/admin/airflow/dags/youtube_comments_score.py
[2024-01-13T19:34:54.264+0000] {logging_mixin.py:188} INFO - [2024-01-13T19:34:54.264+0000] {dag.py:3033} INFO - Sync 1 DAGs
[2024-01-13T19:34:54.275+0000] {logging_mixin.py:188} INFO - [2024-01-13T19:34:54.275+0000] {dag.py:3820} INFO - Setting next_dagrun for youtube_likes_score to None, run_after=None
[2024-01-13T19:34:54.292+0000] {processor.py:183} INFO - Processing /home/admin/airflow/dags/youtube_comments_score.py took 0.091 seconds
[2024-01-13T19:35:24.373+0000] {processor.py:161} INFO - Started process (PID=188952) to work on /home/admin/airflow/dags/youtube_comments_score.py
[2024-01-13T19:35:24.373+0000] {processor.py:830} INFO - Processing file /home/admin/airflow/dags/youtube_comments_score.py for tasks to queue
[2024-01-13T19:35:24.374+0000] {logging_mixin.py:188} INFO - [2024-01-13T19:35:24.374+0000] {dagbag.py:538} INFO - Filling up the DagBag from /home/admin/airflow/dags/youtube_comments_score.py
[2024-01-13T19:35:24.383+0000] {processor.py:840} INFO - DAG(s) 'youtube_likes_score' retrieved from /home/admin/airflow/dags/youtube_comments_score.py
[2024-01-13T19:35:24.423+0000] {logging_mixin.py:188} INFO - [2024-01-13T19:35:24.423+0000] {dag.py:3033} INFO - Sync 1 DAGs
[2024-01-13T19:35:24.435+0000] {logging_mixin.py:188} INFO - [2024-01-13T19:35:24.435+0000] {dag.py:3820} INFO - Setting next_dagrun for youtube_likes_score to None, run_after=None
[2024-01-13T19:35:24.450+0000] {processor.py:183} INFO - Processing /home/admin/airflow/dags/youtube_comments_score.py took 0.081 seconds
[2024-01-13T19:35:54.540+0000] {processor.py:161} INFO - Started process (PID=188991) to work on /home/admin/airflow/dags/youtube_comments_score.py
[2024-01-13T19:35:54.543+0000] {processor.py:830} INFO - Processing file /home/admin/airflow/dags/youtube_comments_score.py for tasks to queue
[2024-01-13T19:35:54.544+0000] {logging_mixin.py:188} INFO - [2024-01-13T19:35:54.544+0000] {dagbag.py:538} INFO - Filling up the DagBag from /home/admin/airflow/dags/youtube_comments_score.py
[2024-01-13T19:35:54.554+0000] {processor.py:840} INFO - DAG(s) 'youtube_likes_score' retrieved from /home/admin/airflow/dags/youtube_comments_score.py
[2024-01-13T19:35:54.590+0000] {logging_mixin.py:188} INFO - [2024-01-13T19:35:54.590+0000] {dag.py:3033} INFO - Sync 1 DAGs
[2024-01-13T19:35:54.601+0000] {logging_mixin.py:188} INFO - [2024-01-13T19:35:54.601+0000] {dag.py:3820} INFO - Setting next_dagrun for youtube_likes_score to None, run_after=None
[2024-01-13T19:35:54.618+0000] {processor.py:183} INFO - Processing /home/admin/airflow/dags/youtube_comments_score.py took 0.080 seconds
[2024-01-13T19:36:24.663+0000] {processor.py:161} INFO - Started process (PID=188994) to work on /home/admin/airflow/dags/youtube_comments_score.py
[2024-01-13T19:36:24.664+0000] {processor.py:830} INFO - Processing file /home/admin/airflow/dags/youtube_comments_score.py for tasks to queue
[2024-01-13T19:36:24.665+0000] {logging_mixin.py:188} INFO - [2024-01-13T19:36:24.664+0000] {dagbag.py:538} INFO - Filling up the DagBag from /home/admin/airflow/dags/youtube_comments_score.py
[2024-01-13T19:36:24.674+0000] {processor.py:840} INFO - DAG(s) 'youtube_likes_score' retrieved from /home/admin/airflow/dags/youtube_comments_score.py
[2024-01-13T19:36:24.714+0000] {logging_mixin.py:188} INFO - [2024-01-13T19:36:24.714+0000] {dag.py:3033} INFO - Sync 1 DAGs
[2024-01-13T19:36:24.724+0000] {logging_mixin.py:188} INFO - [2024-01-13T19:36:24.724+0000] {dag.py:3820} INFO - Setting next_dagrun for youtube_likes_score to None, run_after=None
[2024-01-13T19:36:24.741+0000] {processor.py:183} INFO - Processing /home/admin/airflow/dags/youtube_comments_score.py took 0.081 seconds
[2024-01-13T19:36:54.835+0000] {processor.py:161} INFO - Started process (PID=188998) to work on /home/admin/airflow/dags/youtube_comments_score.py
[2024-01-13T19:36:54.836+0000] {processor.py:830} INFO - Processing file /home/admin/airflow/dags/youtube_comments_score.py for tasks to queue
[2024-01-13T19:36:54.837+0000] {logging_mixin.py:188} INFO - [2024-01-13T19:36:54.837+0000] {dagbag.py:538} INFO - Filling up the DagBag from /home/admin/airflow/dags/youtube_comments_score.py
[2024-01-13T19:36:54.846+0000] {processor.py:840} INFO - DAG(s) 'youtube_likes_score' retrieved from /home/admin/airflow/dags/youtube_comments_score.py
[2024-01-13T19:36:54.881+0000] {logging_mixin.py:188} INFO - [2024-01-13T19:36:54.881+0000] {dag.py:3033} INFO - Sync 1 DAGs
[2024-01-13T19:36:54.892+0000] {logging_mixin.py:188} INFO - [2024-01-13T19:36:54.891+0000] {dag.py:3820} INFO - Setting next_dagrun for youtube_likes_score to None, run_after=None
[2024-01-13T19:36:54.907+0000] {processor.py:183} INFO - Processing /home/admin/airflow/dags/youtube_comments_score.py took 0.076 seconds
[2024-01-13T19:37:24.948+0000] {processor.py:161} INFO - Started process (PID=189001) to work on /home/admin/airflow/dags/youtube_comments_score.py
[2024-01-13T19:37:24.949+0000] {processor.py:830} INFO - Processing file /home/admin/airflow/dags/youtube_comments_score.py for tasks to queue
[2024-01-13T19:37:24.949+0000] {logging_mixin.py:188} INFO - [2024-01-13T19:37:24.949+0000] {dagbag.py:538} INFO - Filling up the DagBag from /home/admin/airflow/dags/youtube_comments_score.py
[2024-01-13T19:37:24.959+0000] {processor.py:840} INFO - DAG(s) 'youtube_likes_score' retrieved from /home/admin/airflow/dags/youtube_comments_score.py
[2024-01-13T19:37:24.999+0000] {logging_mixin.py:188} INFO - [2024-01-13T19:37:24.999+0000] {dag.py:3033} INFO - Sync 1 DAGs
[2024-01-13T19:37:25.009+0000] {logging_mixin.py:188} INFO - [2024-01-13T19:37:25.009+0000] {dag.py:3820} INFO - Setting next_dagrun for youtube_likes_score to None, run_after=None
[2024-01-13T19:37:25.026+0000] {processor.py:183} INFO - Processing /home/admin/airflow/dags/youtube_comments_score.py took 0.081 seconds
[2024-01-13T19:37:55.107+0000] {processor.py:161} INFO - Started process (PID=189006) to work on /home/admin/airflow/dags/youtube_comments_score.py
[2024-01-13T19:37:55.108+0000] {processor.py:830} INFO - Processing file /home/admin/airflow/dags/youtube_comments_score.py for tasks to queue
[2024-01-13T19:37:55.108+0000] {logging_mixin.py:188} INFO - [2024-01-13T19:37:55.108+0000] {dagbag.py:538} INFO - Filling up the DagBag from /home/admin/airflow/dags/youtube_comments_score.py
[2024-01-13T19:37:55.123+0000] {processor.py:840} INFO - DAG(s) 'youtube_likes_score' retrieved from /home/admin/airflow/dags/youtube_comments_score.py
[2024-01-13T19:37:55.160+0000] {logging_mixin.py:188} INFO - [2024-01-13T19:37:55.160+0000] {dag.py:3033} INFO - Sync 1 DAGs
[2024-01-13T19:37:55.171+0000] {logging_mixin.py:188} INFO - [2024-01-13T19:37:55.171+0000] {dag.py:3820} INFO - Setting next_dagrun for youtube_likes_score to None, run_after=None
[2024-01-13T19:37:55.187+0000] {processor.py:183} INFO - Processing /home/admin/airflow/dags/youtube_comments_score.py took 0.083 seconds
[2024-01-13T19:38:05.807+0000] {processor.py:161} INFO - Started process (PID=189015) to work on /home/admin/airflow/dags/youtube_comments_score.py
[2024-01-13T19:38:05.821+0000] {processor.py:830} INFO - Processing file /home/admin/airflow/dags/youtube_comments_score.py for tasks to queue
[2024-01-13T19:38:05.822+0000] {logging_mixin.py:188} INFO - [2024-01-13T19:38:05.821+0000] {dagbag.py:538} INFO - Filling up the DagBag from /home/admin/airflow/dags/youtube_comments_score.py
[2024-01-13T19:38:05.831+0000] {processor.py:840} INFO - DAG(s) 'youtube_likes_score' retrieved from /home/admin/airflow/dags/youtube_comments_score.py
[2024-01-13T19:38:06.040+0000] {logging_mixin.py:188} INFO - [2024-01-13T19:38:06.040+0000] {dag.py:3033} INFO - Sync 1 DAGs
[2024-01-13T19:38:06.049+0000] {logging_mixin.py:188} INFO - [2024-01-13T19:38:06.049+0000] {dag.py:3820} INFO - Setting next_dagrun for youtube_likes_score to None, run_after=None
[2024-01-13T19:38:06.071+0000] {processor.py:183} INFO - Processing /home/admin/airflow/dags/youtube_comments_score.py took 0.266 seconds
[2024-01-13T19:38:36.299+0000] {processor.py:161} INFO - Started process (PID=189019) to work on /home/admin/airflow/dags/youtube_comments_score.py
[2024-01-13T19:38:36.300+0000] {processor.py:830} INFO - Processing file /home/admin/airflow/dags/youtube_comments_score.py for tasks to queue
[2024-01-13T19:38:36.301+0000] {logging_mixin.py:188} INFO - [2024-01-13T19:38:36.301+0000] {dagbag.py:538} INFO - Filling up the DagBag from /home/admin/airflow/dags/youtube_comments_score.py
[2024-01-13T19:38:36.310+0000] {processor.py:840} INFO - DAG(s) 'youtube_likes_score' retrieved from /home/admin/airflow/dags/youtube_comments_score.py
[2024-01-13T19:38:36.347+0000] {logging_mixin.py:188} INFO - [2024-01-13T19:38:36.347+0000] {dag.py:3033} INFO - Sync 1 DAGs
[2024-01-13T19:38:36.366+0000] {logging_mixin.py:188} INFO - [2024-01-13T19:38:36.366+0000] {dag.py:3820} INFO - Setting next_dagrun for youtube_likes_score to None, run_after=None
[2024-01-13T19:38:36.383+0000] {processor.py:183} INFO - Processing /home/admin/airflow/dags/youtube_comments_score.py took 0.087 seconds
[2024-01-13T19:43:06.246+0000] {processor.py:161} INFO - Started process (PID=189092) to work on /home/admin/airflow/dags/youtube_comments_score.py
[2024-01-13T19:43:06.249+0000] {processor.py:830} INFO - Processing file /home/admin/airflow/dags/youtube_comments_score.py for tasks to queue
[2024-01-13T19:43:06.249+0000] {logging_mixin.py:188} INFO - [2024-01-13T19:43:06.249+0000] {dagbag.py:538} INFO - Filling up the DagBag from /home/admin/airflow/dags/youtube_comments_score.py
[2024-01-13T19:43:06.259+0000] {processor.py:840} INFO - DAG(s) 'youtube_likes_score' retrieved from /home/admin/airflow/dags/youtube_comments_score.py
[2024-01-13T19:43:06.295+0000] {logging_mixin.py:188} INFO - [2024-01-13T19:43:06.294+0000] {dag.py:3033} INFO - Sync 1 DAGs
[2024-01-13T19:43:06.305+0000] {logging_mixin.py:188} INFO - [2024-01-13T19:43:06.305+0000] {dag.py:3820} INFO - Setting next_dagrun for youtube_likes_score to None, run_after=None
[2024-01-13T19:43:06.321+0000] {processor.py:183} INFO - Processing /home/admin/airflow/dags/youtube_comments_score.py took 0.079 seconds
[2024-01-13T19:43:36.373+0000] {processor.py:161} INFO - Started process (PID=189096) to work on /home/admin/airflow/dags/youtube_comments_score.py
[2024-01-13T19:43:36.374+0000] {processor.py:830} INFO - Processing file /home/admin/airflow/dags/youtube_comments_score.py for tasks to queue
[2024-01-13T19:43:36.375+0000] {logging_mixin.py:188} INFO - [2024-01-13T19:43:36.375+0000] {dagbag.py:538} INFO - Filling up the DagBag from /home/admin/airflow/dags/youtube_comments_score.py
[2024-01-13T19:43:36.384+0000] {processor.py:840} INFO - DAG(s) 'youtube_likes_score' retrieved from /home/admin/airflow/dags/youtube_comments_score.py
[2024-01-13T19:43:36.421+0000] {logging_mixin.py:188} INFO - [2024-01-13T19:43:36.421+0000] {dag.py:3033} INFO - Sync 1 DAGs
[2024-01-13T19:43:36.432+0000] {logging_mixin.py:188} INFO - [2024-01-13T19:43:36.432+0000] {dag.py:3820} INFO - Setting next_dagrun for youtube_likes_score to None, run_after=None
[2024-01-13T19:43:36.452+0000] {processor.py:183} INFO - Processing /home/admin/airflow/dags/youtube_comments_score.py took 0.082 seconds
[2024-01-13T19:44:06.587+0000] {processor.py:161} INFO - Started process (PID=189099) to work on /home/admin/airflow/dags/youtube_comments_score.py
[2024-01-13T19:44:06.588+0000] {processor.py:830} INFO - Processing file /home/admin/airflow/dags/youtube_comments_score.py for tasks to queue
[2024-01-13T19:44:06.589+0000] {logging_mixin.py:188} INFO - [2024-01-13T19:44:06.588+0000] {dagbag.py:538} INFO - Filling up the DagBag from /home/admin/airflow/dags/youtube_comments_score.py
[2024-01-13T19:44:06.598+0000] {processor.py:840} INFO - DAG(s) 'youtube_likes_score' retrieved from /home/admin/airflow/dags/youtube_comments_score.py
[2024-01-13T19:44:06.644+0000] {logging_mixin.py:188} INFO - [2024-01-13T19:44:06.644+0000] {dag.py:3033} INFO - Sync 1 DAGs
[2024-01-13T19:44:06.655+0000] {logging_mixin.py:188} INFO - [2024-01-13T19:44:06.654+0000] {dag.py:3820} INFO - Setting next_dagrun for youtube_likes_score to None, run_after=None
[2024-01-13T19:44:06.671+0000] {processor.py:183} INFO - Processing /home/admin/airflow/dags/youtube_comments_score.py took 0.087 seconds
[2024-01-13T19:44:36.703+0000] {processor.py:161} INFO - Started process (PID=189104) to work on /home/admin/airflow/dags/youtube_comments_score.py
[2024-01-13T19:44:36.703+0000] {processor.py:830} INFO - Processing file /home/admin/airflow/dags/youtube_comments_score.py for tasks to queue
[2024-01-13T19:44:36.704+0000] {logging_mixin.py:188} INFO - [2024-01-13T19:44:36.704+0000] {dagbag.py:538} INFO - Filling up the DagBag from /home/admin/airflow/dags/youtube_comments_score.py
[2024-01-13T19:44:36.714+0000] {processor.py:840} INFO - DAG(s) 'youtube_likes_score' retrieved from /home/admin/airflow/dags/youtube_comments_score.py
[2024-01-13T19:44:36.751+0000] {logging_mixin.py:188} INFO - [2024-01-13T19:44:36.751+0000] {dag.py:3033} INFO - Sync 1 DAGs
[2024-01-13T19:44:36.765+0000] {logging_mixin.py:188} INFO - [2024-01-13T19:44:36.765+0000] {dag.py:3820} INFO - Setting next_dagrun for youtube_likes_score to None, run_after=None
[2024-01-13T19:44:36.783+0000] {processor.py:183} INFO - Processing /home/admin/airflow/dags/youtube_comments_score.py took 0.083 seconds
[2024-01-13T19:45:06.901+0000] {processor.py:161} INFO - Started process (PID=189111) to work on /home/admin/airflow/dags/youtube_comments_score.py
[2024-01-13T19:45:06.911+0000] {processor.py:830} INFO - Processing file /home/admin/airflow/dags/youtube_comments_score.py for tasks to queue
[2024-01-13T19:45:06.912+0000] {logging_mixin.py:188} INFO - [2024-01-13T19:45:06.912+0000] {dagbag.py:538} INFO - Filling up the DagBag from /home/admin/airflow/dags/youtube_comments_score.py
[2024-01-13T19:45:06.921+0000] {processor.py:840} INFO - DAG(s) 'youtube_likes_score' retrieved from /home/admin/airflow/dags/youtube_comments_score.py
[2024-01-13T19:45:07.017+0000] {logging_mixin.py:188} INFO - [2024-01-13T19:45:07.016+0000] {dag.py:3033} INFO - Sync 1 DAGs
[2024-01-13T19:45:07.028+0000] {logging_mixin.py:188} INFO - [2024-01-13T19:45:07.027+0000] {dag.py:3820} INFO - Setting next_dagrun for youtube_likes_score to None, run_after=None
[2024-01-13T19:45:07.065+0000] {processor.py:183} INFO - Processing /home/admin/airflow/dags/youtube_comments_score.py took 0.167 seconds
[2024-01-13T19:45:37.182+0000] {processor.py:161} INFO - Started process (PID=189133) to work on /home/admin/airflow/dags/youtube_comments_score.py
[2024-01-13T19:45:37.183+0000] {processor.py:830} INFO - Processing file /home/admin/airflow/dags/youtube_comments_score.py for tasks to queue
[2024-01-13T19:45:37.183+0000] {logging_mixin.py:188} INFO - [2024-01-13T19:45:37.183+0000] {dagbag.py:538} INFO - Filling up the DagBag from /home/admin/airflow/dags/youtube_comments_score.py
[2024-01-13T19:45:37.192+0000] {processor.py:840} INFO - DAG(s) 'youtube_likes_score' retrieved from /home/admin/airflow/dags/youtube_comments_score.py
[2024-01-13T19:45:37.230+0000] {logging_mixin.py:188} INFO - [2024-01-13T19:45:37.230+0000] {dag.py:3033} INFO - Sync 1 DAGs
[2024-01-13T19:45:37.241+0000] {logging_mixin.py:188} INFO - [2024-01-13T19:45:37.241+0000] {dag.py:3820} INFO - Setting next_dagrun for youtube_likes_score to None, run_after=None
[2024-01-13T19:45:37.258+0000] {processor.py:183} INFO - Processing /home/admin/airflow/dags/youtube_comments_score.py took 0.080 seconds
[2024-01-13T19:46:07.288+0000] {processor.py:161} INFO - Started process (PID=189171) to work on /home/admin/airflow/dags/youtube_comments_score.py
[2024-01-13T19:46:07.288+0000] {processor.py:830} INFO - Processing file /home/admin/airflow/dags/youtube_comments_score.py for tasks to queue
[2024-01-13T19:46:07.289+0000] {logging_mixin.py:188} INFO - [2024-01-13T19:46:07.289+0000] {dagbag.py:538} INFO - Filling up the DagBag from /home/admin/airflow/dags/youtube_comments_score.py
[2024-01-13T19:46:07.299+0000] {processor.py:840} INFO - DAG(s) 'youtube_likes_score' retrieved from /home/admin/airflow/dags/youtube_comments_score.py
[2024-01-13T19:46:07.335+0000] {logging_mixin.py:188} INFO - [2024-01-13T19:46:07.335+0000] {dag.py:3033} INFO - Sync 1 DAGs
[2024-01-13T19:46:07.346+0000] {logging_mixin.py:188} INFO - [2024-01-13T19:46:07.345+0000] {dag.py:3820} INFO - Setting next_dagrun for youtube_likes_score to None, run_after=None
[2024-01-13T19:46:07.362+0000] {processor.py:183} INFO - Processing /home/admin/airflow/dags/youtube_comments_score.py took 0.077 seconds
[2024-01-13T19:46:37.404+0000] {processor.py:161} INFO - Started process (PID=189175) to work on /home/admin/airflow/dags/youtube_comments_score.py
[2024-01-13T19:46:37.405+0000] {processor.py:830} INFO - Processing file /home/admin/airflow/dags/youtube_comments_score.py for tasks to queue
[2024-01-13T19:46:37.405+0000] {logging_mixin.py:188} INFO - [2024-01-13T19:46:37.405+0000] {dagbag.py:538} INFO - Filling up the DagBag from /home/admin/airflow/dags/youtube_comments_score.py
[2024-01-13T19:46:37.415+0000] {processor.py:840} INFO - DAG(s) 'youtube_likes_score' retrieved from /home/admin/airflow/dags/youtube_comments_score.py
[2024-01-13T19:46:37.456+0000] {logging_mixin.py:188} INFO - [2024-01-13T19:46:37.456+0000] {dag.py:3033} INFO - Sync 1 DAGs
[2024-01-13T19:46:37.468+0000] {logging_mixin.py:188} INFO - [2024-01-13T19:46:37.468+0000] {dag.py:3820} INFO - Setting next_dagrun for youtube_likes_score to None, run_after=None
[2024-01-13T19:46:37.486+0000] {processor.py:183} INFO - Processing /home/admin/airflow/dags/youtube_comments_score.py took 0.085 seconds
[2024-01-13T19:47:07.573+0000] {processor.py:161} INFO - Started process (PID=189178) to work on /home/admin/airflow/dags/youtube_comments_score.py
[2024-01-13T19:47:07.574+0000] {processor.py:830} INFO - Processing file /home/admin/airflow/dags/youtube_comments_score.py for tasks to queue
[2024-01-13T19:47:07.575+0000] {logging_mixin.py:188} INFO - [2024-01-13T19:47:07.574+0000] {dagbag.py:538} INFO - Filling up the DagBag from /home/admin/airflow/dags/youtube_comments_score.py
[2024-01-13T19:47:07.584+0000] {processor.py:840} INFO - DAG(s) 'youtube_likes_score' retrieved from /home/admin/airflow/dags/youtube_comments_score.py
[2024-01-13T19:47:07.620+0000] {logging_mixin.py:188} INFO - [2024-01-13T19:47:07.620+0000] {dag.py:3033} INFO - Sync 1 DAGs
[2024-01-13T19:47:07.631+0000] {logging_mixin.py:188} INFO - [2024-01-13T19:47:07.631+0000] {dag.py:3820} INFO - Setting next_dagrun for youtube_likes_score to None, run_after=None
[2024-01-13T19:47:07.648+0000] {processor.py:183} INFO - Processing /home/admin/airflow/dags/youtube_comments_score.py took 0.077 seconds
[2024-01-13T19:47:37.686+0000] {processor.py:161} INFO - Started process (PID=189182) to work on /home/admin/airflow/dags/youtube_comments_score.py
[2024-01-13T19:47:37.687+0000] {processor.py:830} INFO - Processing file /home/admin/airflow/dags/youtube_comments_score.py for tasks to queue
[2024-01-13T19:47:37.688+0000] {logging_mixin.py:188} INFO - [2024-01-13T19:47:37.688+0000] {dagbag.py:538} INFO - Filling up the DagBag from /home/admin/airflow/dags/youtube_comments_score.py
[2024-01-13T19:47:37.697+0000] {processor.py:840} INFO - DAG(s) 'youtube_likes_score' retrieved from /home/admin/airflow/dags/youtube_comments_score.py
[2024-01-13T19:47:37.734+0000] {logging_mixin.py:188} INFO - [2024-01-13T19:47:37.734+0000] {dag.py:3033} INFO - Sync 1 DAGs
[2024-01-13T19:47:37.745+0000] {logging_mixin.py:188} INFO - [2024-01-13T19:47:37.745+0000] {dag.py:3820} INFO - Setting next_dagrun for youtube_likes_score to None, run_after=None
[2024-01-13T19:47:37.767+0000] {processor.py:183} INFO - Processing /home/admin/airflow/dags/youtube_comments_score.py took 0.084 seconds
[2024-01-13T19:48:07.908+0000] {processor.py:161} INFO - Started process (PID=189185) to work on /home/admin/airflow/dags/youtube_comments_score.py
[2024-01-13T19:48:07.911+0000] {processor.py:830} INFO - Processing file /home/admin/airflow/dags/youtube_comments_score.py for tasks to queue
[2024-01-13T19:48:07.912+0000] {logging_mixin.py:188} INFO - [2024-01-13T19:48:07.912+0000] {dagbag.py:538} INFO - Filling up the DagBag from /home/admin/airflow/dags/youtube_comments_score.py
[2024-01-13T19:48:07.921+0000] {processor.py:840} INFO - DAG(s) 'youtube_likes_score' retrieved from /home/admin/airflow/dags/youtube_comments_score.py
[2024-01-13T19:48:07.956+0000] {logging_mixin.py:188} INFO - [2024-01-13T19:48:07.956+0000] {dag.py:3033} INFO - Sync 1 DAGs
[2024-01-13T19:48:07.976+0000] {logging_mixin.py:188} INFO - [2024-01-13T19:48:07.976+0000] {dag.py:3820} INFO - Setting next_dagrun for youtube_likes_score to None, run_after=None
[2024-01-13T19:48:07.992+0000] {processor.py:183} INFO - Processing /home/admin/airflow/dags/youtube_comments_score.py took 0.087 seconds
[2024-01-13T19:48:38.029+0000] {processor.py:161} INFO - Started process (PID=189189) to work on /home/admin/airflow/dags/youtube_comments_score.py
[2024-01-13T19:48:38.030+0000] {processor.py:830} INFO - Processing file /home/admin/airflow/dags/youtube_comments_score.py for tasks to queue
[2024-01-13T19:48:38.031+0000] {logging_mixin.py:188} INFO - [2024-01-13T19:48:38.030+0000] {dagbag.py:538} INFO - Filling up the DagBag from /home/admin/airflow/dags/youtube_comments_score.py
[2024-01-13T19:48:38.040+0000] {processor.py:840} INFO - DAG(s) 'youtube_likes_score' retrieved from /home/admin/airflow/dags/youtube_comments_score.py
[2024-01-13T19:48:38.077+0000] {logging_mixin.py:188} INFO - [2024-01-13T19:48:38.077+0000] {dag.py:3033} INFO - Sync 1 DAGs
[2024-01-13T19:48:38.088+0000] {logging_mixin.py:188} INFO - [2024-01-13T19:48:38.088+0000] {dag.py:3820} INFO - Setting next_dagrun for youtube_likes_score to None, run_after=None
[2024-01-13T19:48:38.108+0000] {processor.py:183} INFO - Processing /home/admin/airflow/dags/youtube_comments_score.py took 0.083 seconds
[2024-01-13T19:49:08.212+0000] {processor.py:161} INFO - Started process (PID=189192) to work on /home/admin/airflow/dags/youtube_comments_score.py
[2024-01-13T19:49:08.212+0000] {processor.py:830} INFO - Processing file /home/admin/airflow/dags/youtube_comments_score.py for tasks to queue
[2024-01-13T19:49:08.213+0000] {logging_mixin.py:188} INFO - [2024-01-13T19:49:08.213+0000] {dagbag.py:538} INFO - Filling up the DagBag from /home/admin/airflow/dags/youtube_comments_score.py
[2024-01-13T19:49:08.222+0000] {processor.py:840} INFO - DAG(s) 'youtube_likes_score' retrieved from /home/admin/airflow/dags/youtube_comments_score.py
[2024-01-13T19:49:08.258+0000] {logging_mixin.py:188} INFO - [2024-01-13T19:49:08.258+0000] {dag.py:3033} INFO - Sync 1 DAGs
[2024-01-13T19:49:08.269+0000] {logging_mixin.py:188} INFO - [2024-01-13T19:49:08.269+0000] {dag.py:3820} INFO - Setting next_dagrun for youtube_likes_score to None, run_after=None
[2024-01-13T19:49:08.285+0000] {processor.py:183} INFO - Processing /home/admin/airflow/dags/youtube_comments_score.py took 0.078 seconds
[2024-01-13T19:49:38.331+0000] {processor.py:161} INFO - Started process (PID=189196) to work on /home/admin/airflow/dags/youtube_comments_score.py
[2024-01-13T19:49:38.332+0000] {processor.py:830} INFO - Processing file /home/admin/airflow/dags/youtube_comments_score.py for tasks to queue
[2024-01-13T19:49:38.333+0000] {logging_mixin.py:188} INFO - [2024-01-13T19:49:38.333+0000] {dagbag.py:538} INFO - Filling up the DagBag from /home/admin/airflow/dags/youtube_comments_score.py
[2024-01-13T19:49:38.342+0000] {processor.py:840} INFO - DAG(s) 'youtube_likes_score' retrieved from /home/admin/airflow/dags/youtube_comments_score.py
[2024-01-13T19:49:38.400+0000] {logging_mixin.py:188} INFO - [2024-01-13T19:49:38.400+0000] {dag.py:3033} INFO - Sync 1 DAGs
[2024-01-13T19:49:38.411+0000] {logging_mixin.py:188} INFO - [2024-01-13T19:49:38.411+0000] {dag.py:3820} INFO - Setting next_dagrun for youtube_likes_score to None, run_after=None
[2024-01-13T19:49:38.429+0000] {processor.py:183} INFO - Processing /home/admin/airflow/dags/youtube_comments_score.py took 0.101 seconds
[2024-01-13T19:50:08.484+0000] {processor.py:161} INFO - Started process (PID=189200) to work on /home/admin/airflow/dags/youtube_comments_score.py
[2024-01-13T19:50:08.485+0000] {processor.py:830} INFO - Processing file /home/admin/airflow/dags/youtube_comments_score.py for tasks to queue
[2024-01-13T19:50:08.486+0000] {logging_mixin.py:188} INFO - [2024-01-13T19:50:08.485+0000] {dagbag.py:538} INFO - Filling up the DagBag from /home/admin/airflow/dags/youtube_comments_score.py
[2024-01-13T19:50:08.495+0000] {processor.py:840} INFO - DAG(s) 'youtube_likes_score' retrieved from /home/admin/airflow/dags/youtube_comments_score.py
[2024-01-13T19:50:08.535+0000] {logging_mixin.py:188} INFO - [2024-01-13T19:50:08.534+0000] {dag.py:3033} INFO - Sync 1 DAGs
[2024-01-13T19:50:08.546+0000] {logging_mixin.py:188} INFO - [2024-01-13T19:50:08.545+0000] {dag.py:3820} INFO - Setting next_dagrun for youtube_likes_score to None, run_after=None
[2024-01-13T19:50:08.564+0000] {processor.py:183} INFO - Processing /home/admin/airflow/dags/youtube_comments_score.py took 0.083 seconds
[2024-01-13T19:50:38.647+0000] {processor.py:161} INFO - Started process (PID=189205) to work on /home/admin/airflow/dags/youtube_comments_score.py
[2024-01-13T19:50:38.647+0000] {processor.py:830} INFO - Processing file /home/admin/airflow/dags/youtube_comments_score.py for tasks to queue
[2024-01-13T19:50:38.648+0000] {logging_mixin.py:188} INFO - [2024-01-13T19:50:38.648+0000] {dagbag.py:538} INFO - Filling up the DagBag from /home/admin/airflow/dags/youtube_comments_score.py
[2024-01-13T19:50:38.661+0000] {processor.py:840} INFO - DAG(s) 'youtube_likes_score' retrieved from /home/admin/airflow/dags/youtube_comments_score.py
[2024-01-13T19:50:38.699+0000] {logging_mixin.py:188} INFO - [2024-01-13T19:50:38.699+0000] {dag.py:3033} INFO - Sync 1 DAGs
[2024-01-13T19:50:38.711+0000] {logging_mixin.py:188} INFO - [2024-01-13T19:50:38.711+0000] {dag.py:3820} INFO - Setting next_dagrun for youtube_likes_score to None, run_after=None
[2024-01-13T19:50:38.727+0000] {processor.py:183} INFO - Processing /home/admin/airflow/dags/youtube_comments_score.py took 0.084 seconds
[2024-01-13T19:51:08.780+0000] {processor.py:161} INFO - Started process (PID=189244) to work on /home/admin/airflow/dags/youtube_comments_score.py
[2024-01-13T19:51:08.781+0000] {processor.py:830} INFO - Processing file /home/admin/airflow/dags/youtube_comments_score.py for tasks to queue
[2024-01-13T19:51:08.782+0000] {logging_mixin.py:188} INFO - [2024-01-13T19:51:08.782+0000] {dagbag.py:538} INFO - Filling up the DagBag from /home/admin/airflow/dags/youtube_comments_score.py
[2024-01-13T19:51:08.791+0000] {processor.py:840} INFO - DAG(s) 'youtube_likes_score' retrieved from /home/admin/airflow/dags/youtube_comments_score.py
[2024-01-13T19:51:08.838+0000] {logging_mixin.py:188} INFO - [2024-01-13T19:51:08.838+0000] {dag.py:3033} INFO - Sync 1 DAGs
[2024-01-13T19:51:08.865+0000] {logging_mixin.py:188} INFO - [2024-01-13T19:51:08.865+0000] {dag.py:3820} INFO - Setting next_dagrun for youtube_likes_score to None, run_after=None
[2024-01-13T19:51:08.884+0000] {processor.py:183} INFO - Processing /home/admin/airflow/dags/youtube_comments_score.py took 0.107 seconds
[2024-01-13T19:51:38.930+0000] {processor.py:161} INFO - Started process (PID=189248) to work on /home/admin/airflow/dags/youtube_comments_score.py
[2024-01-13T19:51:38.931+0000] {processor.py:830} INFO - Processing file /home/admin/airflow/dags/youtube_comments_score.py for tasks to queue
[2024-01-13T19:51:38.931+0000] {logging_mixin.py:188} INFO - [2024-01-13T19:51:38.931+0000] {dagbag.py:538} INFO - Filling up the DagBag from /home/admin/airflow/dags/youtube_comments_score.py
[2024-01-13T19:51:38.941+0000] {processor.py:840} INFO - DAG(s) 'youtube_likes_score' retrieved from /home/admin/airflow/dags/youtube_comments_score.py
[2024-01-13T19:51:38.985+0000] {logging_mixin.py:188} INFO - [2024-01-13T19:51:38.985+0000] {dag.py:3033} INFO - Sync 1 DAGs
[2024-01-13T19:51:39.000+0000] {logging_mixin.py:188} INFO - [2024-01-13T19:51:39.000+0000] {dag.py:3820} INFO - Setting next_dagrun for youtube_likes_score to None, run_after=None
[2024-01-13T19:51:39.017+0000] {processor.py:183} INFO - Processing /home/admin/airflow/dags/youtube_comments_score.py took 0.090 seconds
[2024-01-13T19:52:09.098+0000] {processor.py:161} INFO - Started process (PID=189251) to work on /home/admin/airflow/dags/youtube_comments_score.py
[2024-01-13T19:52:09.099+0000] {processor.py:830} INFO - Processing file /home/admin/airflow/dags/youtube_comments_score.py for tasks to queue
[2024-01-13T19:52:09.100+0000] {logging_mixin.py:188} INFO - [2024-01-13T19:52:09.100+0000] {dagbag.py:538} INFO - Filling up the DagBag from /home/admin/airflow/dags/youtube_comments_score.py
[2024-01-13T19:52:09.113+0000] {processor.py:840} INFO - DAG(s) 'youtube_likes_score' retrieved from /home/admin/airflow/dags/youtube_comments_score.py
[2024-01-13T19:52:09.149+0000] {logging_mixin.py:188} INFO - [2024-01-13T19:52:09.149+0000] {dag.py:3033} INFO - Sync 1 DAGs
[2024-01-13T19:52:09.160+0000] {logging_mixin.py:188} INFO - [2024-01-13T19:52:09.160+0000] {dag.py:3820} INFO - Setting next_dagrun for youtube_likes_score to None, run_after=None
[2024-01-13T19:52:09.176+0000] {processor.py:183} INFO - Processing /home/admin/airflow/dags/youtube_comments_score.py took 0.081 seconds
[2024-01-13T19:52:39.235+0000] {processor.py:161} INFO - Started process (PID=189255) to work on /home/admin/airflow/dags/youtube_comments_score.py
[2024-01-13T19:52:39.236+0000] {processor.py:830} INFO - Processing file /home/admin/airflow/dags/youtube_comments_score.py for tasks to queue
[2024-01-13T19:52:39.236+0000] {logging_mixin.py:188} INFO - [2024-01-13T19:52:39.236+0000] {dagbag.py:538} INFO - Filling up the DagBag from /home/admin/airflow/dags/youtube_comments_score.py
[2024-01-13T19:52:39.246+0000] {processor.py:840} INFO - DAG(s) 'youtube_likes_score' retrieved from /home/admin/airflow/dags/youtube_comments_score.py
[2024-01-13T19:52:39.286+0000] {logging_mixin.py:188} INFO - [2024-01-13T19:52:39.285+0000] {dag.py:3033} INFO - Sync 1 DAGs
[2024-01-13T19:52:39.296+0000] {logging_mixin.py:188} INFO - [2024-01-13T19:52:39.296+0000] {dag.py:3820} INFO - Setting next_dagrun for youtube_likes_score to None, run_after=None
[2024-01-13T19:52:39.312+0000] {processor.py:183} INFO - Processing /home/admin/airflow/dags/youtube_comments_score.py took 0.080 seconds
[2024-01-13T19:53:09.394+0000] {processor.py:161} INFO - Started process (PID=189258) to work on /home/admin/airflow/dags/youtube_comments_score.py
[2024-01-13T19:53:09.395+0000] {processor.py:830} INFO - Processing file /home/admin/airflow/dags/youtube_comments_score.py for tasks to queue
[2024-01-13T19:53:09.395+0000] {logging_mixin.py:188} INFO - [2024-01-13T19:53:09.395+0000] {dagbag.py:538} INFO - Filling up the DagBag from /home/admin/airflow/dags/youtube_comments_score.py
[2024-01-13T19:53:09.410+0000] {processor.py:840} INFO - DAG(s) 'youtube_likes_score' retrieved from /home/admin/airflow/dags/youtube_comments_score.py
[2024-01-13T19:53:09.448+0000] {logging_mixin.py:188} INFO - [2024-01-13T19:53:09.448+0000] {dag.py:3033} INFO - Sync 1 DAGs
[2024-01-13T19:53:09.460+0000] {logging_mixin.py:188} INFO - [2024-01-13T19:53:09.460+0000] {dag.py:3820} INFO - Setting next_dagrun for youtube_likes_score to None, run_after=None
[2024-01-13T19:53:09.477+0000] {processor.py:183} INFO - Processing /home/admin/airflow/dags/youtube_comments_score.py took 0.086 seconds
[2024-01-13T19:53:39.524+0000] {processor.py:161} INFO - Started process (PID=189262) to work on /home/admin/airflow/dags/youtube_comments_score.py
[2024-01-13T19:53:39.525+0000] {processor.py:830} INFO - Processing file /home/admin/airflow/dags/youtube_comments_score.py for tasks to queue
[2024-01-13T19:53:39.526+0000] {logging_mixin.py:188} INFO - [2024-01-13T19:53:39.526+0000] {dagbag.py:538} INFO - Filling up the DagBag from /home/admin/airflow/dags/youtube_comments_score.py
[2024-01-13T19:53:39.536+0000] {processor.py:840} INFO - DAG(s) 'youtube_likes_score' retrieved from /home/admin/airflow/dags/youtube_comments_score.py
[2024-01-13T19:53:39.573+0000] {logging_mixin.py:188} INFO - [2024-01-13T19:53:39.573+0000] {dag.py:3033} INFO - Sync 1 DAGs
[2024-01-13T19:53:39.587+0000] {logging_mixin.py:188} INFO - [2024-01-13T19:53:39.587+0000] {dag.py:3820} INFO - Setting next_dagrun for youtube_likes_score to None, run_after=None
[2024-01-13T19:53:39.604+0000] {processor.py:183} INFO - Processing /home/admin/airflow/dags/youtube_comments_score.py took 0.082 seconds
